<?xml version="1.0" encoding="UTF-8"?>
<!-- Generated by org.testng.reporters.JUnitReportReporter -->
<testsuite skipped="0" hostname="MLDCSRGEOD01-VM" name="com.cosac.TestCases.COS27_Customer" tests="1" failures="0" timestamp="30 Apr 2020 12:19:49 GMT" time="265.100" errors="0">
  <testcase name="Client" time="265.100" classname="com.cosac.TestCases.COS27_Customer"/>
</testsuite> <!-- com.cosac.TestCases.COS27_Customer -->
