<?xml version="1.0" encoding="UTF-8"?>
<!-- Generated by org.testng.reporters.JUnitReportReporter -->
<testsuite skipped="0" hostname="MLDCSRGEOD01-VM" name="com.cosac.TestCases.COS01_Client" tests="1" failures="0" timestamp="17 Mar 2020 11:45:36 GMT" time="78.366" errors="0">
  <testcase name="Client" time="78.366" classname="com.cosac.TestCases.COS01_Client"/>
</testsuite> <!-- com.cosac.TestCases.COS01_Client -->
