<?xml version="1.0" encoding="UTF-8"?>
<!-- Generated by org.testng.reporters.JUnitReportReporter -->
<testsuite skipped="0" hostname="MLDCSRGEOD01-VM" name="com.cosac.TestCases.COS42_CallCentre" tests="1" failures="0" timestamp="23 Apr 2020 10:52:22 GMT" time="74.011" errors="0">
  <testcase name="CallCentre" time="74.011" classname="com.cosac.TestCases.COS42_CallCentre"/>
</testsuite> <!-- com.cosac.TestCases.COS42_CallCentre -->
