<?xml version="1.0" encoding="UTF-8"?>
<!-- Generated by org.testng.reporters.JUnitReportReporter -->
<testsuite skipped="0" hostname="MLDCSRGEOD01-VM" name="com.cosac.TestCases.COS24_NewCustomer" tests="1" failures="0" timestamp="16 Apr 2020 16:57:31 GMT" time="31.473" errors="0">
  <testcase name="Client" time="31.473" classname="com.cosac.TestCases.COS24_NewCustomer"/>
</testsuite> <!-- com.cosac.TestCases.COS24_NewCustomer -->
