<?xml version="1.0" encoding="UTF-8"?>
<!-- Generated by org.testng.reporters.JUnitReportReporter -->
<testsuite skipped="0" hostname="MLDCSRGEOD01-VM" name="com.cosac.TestCases.COS55_CustomizeMandatoryField" tests="1" failures="0" timestamp="13 May 2020 13:36:24 GMT" time="126.166" errors="0">
  <testcase name="Client" time="126.166" classname="com.cosac.TestCases.COS55_CustomizeMandatoryField"/>
</testsuite> <!-- com.cosac.TestCases.COS55_CustomizeMandatoryField -->
