<?xml version="1.0" encoding="UTF-8"?>
<!-- Generated by org.testng.reporters.JUnitReportReporter -->
<testsuite skipped="0" hostname="MLDCSRGEOD01-VM" name="com.cosac.TestCases.CustomerSearch" tests="1" failures="0" timestamp="27 Mar 2020 17:52:10 GMT" time="65.617" errors="0">
  <testcase name="CustSearch" time="65.617" classname="com.cosac.TestCases.CustomerSearch"/>
</testsuite> <!-- com.cosac.TestCases.CustomerSearch -->
