<?xml version="1.0" encoding="UTF-8"?>
<!-- Generated by org.testng.reporters.JUnitReportReporter -->
<testsuite skipped="0" hostname="MLDCSRGEOD01-VM" name="com.cosac.TestCases.COS24_NewCustomer2" tests="2" failures="0" timestamp="31 Mar 2020 02:43:43 GMT" time="58.929" errors="0">
  <testcase name="Client" time="45.741" classname="com.cosac.TestCases.COS24_NewCustomer2"/>
  <testcase name="Client" time="13.188" classname="com.cosac.TestCases.COS24_NewCustomer2"/>
</testsuite> <!-- com.cosac.TestCases.COS24_NewCustomer2 -->
